<?xml version="1.0" encoding="UTF-8"?>
<!-- Generated by org.testng.reporters.JUnitReportReporter -->
<testsuite skipped="0" hostname="SHWETA" name="com.crm.qa.testcases.LoginPageTest" tests="3" failures="0" timestamp="10 Apr 2020 21:01:19 GMT" time="80.459" errors="0">
  <testcase name="loginPageTitleTest" time="21.897" classname="com.crm.qa.testcases.LoginPageTest"/>
  <testcase name="crmLogoImageTest" time="37.709" classname="com.crm.qa.testcases.LoginPageTest"/>
  <testcase name="loginTest" time="20.853" classname="com.crm.qa.testcases.LoginPageTest"/>
</testsuite> <!-- com.crm.qa.testcases.LoginPageTest -->
